{"C:\\Users\\eelie\\Documents\\Polito_master\\Software_Engineering_2\\OfficeQueueManager\\softeng_OQMS_04\\server\\dao\\TicketDAO.js": {"path":"C:\\Users\\eelie\\Documents\\Polito_master\\Software_Engineering_2\\OfficeQueueManager\\softeng_OQMS_04\\server\\dao\\TicketDAO.js","statementMap":{"0":{"start":{"line":3,"column":15},"end":{"line":3,"column":33}},"1":{"start":{"line":4,"column":14},"end":{"line":4,"column":30}},"2":{"start":{"line":6,"column":17},"end":{"line":6,"column":51}},"3":{"start":{"line":7,"column":0},"end":{"line":7,"column":24}},"4":{"start":{"line":9,"column":21},"end":{"line":9,"column":59}},"5":{"start":{"line":10,"column":0},"end":{"line":10,"column":28}},"6":{"start":{"line":15,"column":8},"end":{"line":17,"column":10}},"7":{"start":{"line":16,"column":12},"end":{"line":16,"column":31}},"8":{"start":{"line":16,"column":21},"end":{"line":16,"column":31}},"9":{"start":{"line":18,"column":8},"end":{"line":18,"column":31}},"10":{"start":{"line":21,"column":22},"end":{"line":32,"column":5}},"11":{"start":{"line":22,"column":8},"end":{"line":31,"column":10}},"12":{"start":{"line":23,"column":24},"end":{"line":23,"column":234}},"13":{"start":{"line":24,"column":12},"end":{"line":30,"column":14}},"14":{"start":{"line":25,"column":16},"end":{"line":28,"column":41}},"15":{"start":{"line":26,"column":20},"end":{"line":26,"column":32}},"16":{"start":{"line":28,"column":20},"end":{"line":28,"column":41}},"17":{"start":{"line":34,"column":20},"end":{"line":44,"column":5}},"18":{"start":{"line":35,"column":8},"end":{"line":43,"column":10}},"19":{"start":{"line":36,"column":24},"end":{"line":36,"column":71}},"20":{"start":{"line":37,"column":12},"end":{"line":42,"column":14}},"21":{"start":{"line":38,"column":16},"end":{"line":41,"column":33}},"22":{"start":{"line":39,"column":20},"end":{"line":39,"column":32}},"23":{"start":{"line":41,"column":20},"end":{"line":41,"column":33}},"24":{"start":{"line":46,"column":19},"end":{"line":57,"column":5}},"25":{"start":{"line":47,"column":8},"end":{"line":56,"column":10}},"26":{"start":{"line":48,"column":24},"end":{"line":48,"column":149}},"27":{"start":{"line":49,"column":24},"end":{"line":49,"column":31}},"28":{"start":{"line":50,"column":12},"end":{"line":55,"column":14}},"29":{"start":{"line":51,"column":16},"end":{"line":54,"column":41}},"30":{"start":{"line":52,"column":20},"end":{"line":52,"column":32}},"31":{"start":{"line":54,"column":20},"end":{"line":54,"column":41}},"32":{"start":{"line":59,"column":21},"end":{"line":71,"column":5}},"33":{"start":{"line":60,"column":8},"end":{"line":70,"column":10}},"34":{"start":{"line":61,"column":24},"end":{"line":61,"column":96}},"35":{"start":{"line":62,"column":12},"end":{"line":69,"column":14}},"36":{"start":{"line":63,"column":16},"end":{"line":68,"column":35}},"37":{"start":{"line":64,"column":20},"end":{"line":64,"column":32}},"38":{"start":{"line":65,"column":21},"end":{"line":68,"column":35}},"39":{"start":{"line":66,"column":20},"end":{"line":66,"column":31}},"40":{"start":{"line":68,"column":20},"end":{"line":68,"column":35}},"41":{"start":{"line":73,"column":15},"end":{"line":83,"column":5}},"42":{"start":{"line":74,"column":8},"end":{"line":82,"column":10}},"43":{"start":{"line":75,"column":24},"end":{"line":75,"column":85}},"44":{"start":{"line":76,"column":12},"end":{"line":81,"column":14}},"45":{"start":{"line":77,"column":16},"end":{"line":80,"column":33}},"46":{"start":{"line":78,"column":20},"end":{"line":78,"column":32}},"47":{"start":{"line":80,"column":20},"end":{"line":80,"column":33}},"48":{"start":{"line":85,"column":23},"end":{"line":95,"column":5}},"49":{"start":{"line":86,"column":8},"end":{"line":94,"column":10}},"50":{"start":{"line":87,"column":24},"end":{"line":87,"column":46}},"51":{"start":{"line":88,"column":12},"end":{"line":93,"column":14}},"52":{"start":{"line":89,"column":16},"end":{"line":92,"column":30}},"53":{"start":{"line":90,"column":20},"end":{"line":90,"column":32}},"54":{"start":{"line":92,"column":20},"end":{"line":92,"column":30}},"55":{"start":{"line":99,"column":0},"end":{"line":99,"column":26}}},"fnMap":{"0":{"name":"(anonymous_0)","decl":{"start":{"line":14,"column":4},"end":{"line":14,"column":5}},"loc":{"start":{"line":14,"column":24},"end":{"line":19,"column":5}},"line":14},"1":{"name":"(anonymous_1)","decl":{"start":{"line":15,"column":46},"end":{"line":15,"column":47}},"loc":{"start":{"line":15,"column":55},"end":{"line":17,"column":9}},"line":15},"2":{"name":"(anonymous_2)","decl":{"start":{"line":21,"column":22},"end":{"line":21,"column":23}},"loc":{"start":{"line":21,"column":27},"end":{"line":32,"column":5}},"line":21},"3":{"name":"(anonymous_3)","decl":{"start":{"line":22,"column":27},"end":{"line":22,"column":28}},"loc":{"start":{"line":22,"column":46},"end":{"line":31,"column":9}},"line":22},"4":{"name":"(anonymous_4)","decl":{"start":{"line":24,"column":28},"end":{"line":24,"column":29}},"loc":{"start":{"line":24,"column":36},"end":{"line":30,"column":13}},"line":24},"5":{"name":"(anonymous_5)","decl":{"start":{"line":34,"column":20},"end":{"line":34,"column":21}},"loc":{"start":{"line":34,"column":32},"end":{"line":44,"column":5}},"line":34},"6":{"name":"(anonymous_6)","decl":{"start":{"line":35,"column":27},"end":{"line":35,"column":28}},"loc":{"start":{"line":35,"column":46},"end":{"line":43,"column":9}},"line":35},"7":{"name":"(anonymous_7)","decl":{"start":{"line":37,"column":38},"end":{"line":37,"column":39}},"loc":{"start":{"line":37,"column":50},"end":{"line":42,"column":13}},"line":37},"8":{"name":"(anonymous_8)","decl":{"start":{"line":46,"column":19},"end":{"line":46,"column":20}},"loc":{"start":{"line":46,"column":46},"end":{"line":57,"column":5}},"line":46},"9":{"name":"(anonymous_9)","decl":{"start":{"line":47,"column":27},"end":{"line":47,"column":28}},"loc":{"start":{"line":47,"column":46},"end":{"line":56,"column":9}},"line":47},"10":{"name":"(anonymous_10)","decl":{"start":{"line":50,"column":137},"end":{"line":50,"column":138}},"loc":{"start":{"line":50,"column":150},"end":{"line":55,"column":13}},"line":50},"11":{"name":"(anonymous_11)","decl":{"start":{"line":59,"column":21},"end":{"line":59,"column":22}},"loc":{"start":{"line":59,"column":33},"end":{"line":71,"column":5}},"line":59},"12":{"name":"(anonymous_12)","decl":{"start":{"line":60,"column":27},"end":{"line":60,"column":28}},"loc":{"start":{"line":60,"column":46},"end":{"line":70,"column":9}},"line":60},"13":{"name":"(anonymous_13)","decl":{"start":{"line":62,"column":38},"end":{"line":62,"column":39}},"loc":{"start":{"line":62,"column":50},"end":{"line":69,"column":13}},"line":62},"14":{"name":"(anonymous_14)","decl":{"start":{"line":73,"column":15},"end":{"line":73,"column":16}},"loc":{"start":{"line":73,"column":28},"end":{"line":83,"column":5}},"line":73},"15":{"name":"(anonymous_15)","decl":{"start":{"line":74,"column":27},"end":{"line":74,"column":28}},"loc":{"start":{"line":74,"column":46},"end":{"line":82,"column":9}},"line":74},"16":{"name":"(anonymous_16)","decl":{"start":{"line":76,"column":38},"end":{"line":76,"column":39}},"loc":{"start":{"line":76,"column":50},"end":{"line":81,"column":13}},"line":76},"17":{"name":"(anonymous_17)","decl":{"start":{"line":85,"column":23},"end":{"line":85,"column":24}},"loc":{"start":{"line":85,"column":28},"end":{"line":95,"column":5}},"line":85},"18":{"name":"(anonymous_18)","decl":{"start":{"line":86,"column":27},"end":{"line":86,"column":28}},"loc":{"start":{"line":86,"column":46},"end":{"line":94,"column":9}},"line":86},"19":{"name":"(anonymous_19)","decl":{"start":{"line":88,"column":28},"end":{"line":88,"column":29}},"loc":{"start":{"line":88,"column":36},"end":{"line":93,"column":13}},"line":88}},"branchMap":{"0":{"loc":{"start":{"line":16,"column":12},"end":{"line":16,"column":31}},"type":"if","locations":[{"start":{"line":16,"column":12},"end":{"line":16,"column":31}},{"start":{},"end":{}}],"line":16},"1":{"loc":{"start":{"line":25,"column":16},"end":{"line":28,"column":41}},"type":"if","locations":[{"start":{"line":25,"column":16},"end":{"line":28,"column":41}},{"start":{"line":28,"column":20},"end":{"line":28,"column":41}}],"line":25},"2":{"loc":{"start":{"line":38,"column":16},"end":{"line":41,"column":33}},"type":"if","locations":[{"start":{"line":38,"column":16},"end":{"line":41,"column":33}},{"start":{"line":41,"column":20},"end":{"line":41,"column":33}}],"line":38},"3":{"loc":{"start":{"line":51,"column":16},"end":{"line":54,"column":41}},"type":"if","locations":[{"start":{"line":51,"column":16},"end":{"line":54,"column":41}},{"start":{"line":54,"column":20},"end":{"line":54,"column":41}}],"line":51},"4":{"loc":{"start":{"line":63,"column":16},"end":{"line":68,"column":35}},"type":"if","locations":[{"start":{"line":63,"column":16},"end":{"line":68,"column":35}},{"start":{"line":65,"column":21},"end":{"line":68,"column":35}}],"line":63},"5":{"loc":{"start":{"line":65,"column":21},"end":{"line":68,"column":35}},"type":"if","locations":[{"start":{"line":65,"column":21},"end":{"line":68,"column":35}},{"start":{"line":68,"column":20},"end":{"line":68,"column":35}}],"line":65},"6":{"loc":{"start":{"line":77,"column":16},"end":{"line":80,"column":33}},"type":"if","locations":[{"start":{"line":77,"column":16},"end":{"line":80,"column":33}},{"start":{"line":80,"column":20},"end":{"line":80,"column":33}}],"line":77},"7":{"loc":{"start":{"line":89,"column":16},"end":{"line":92,"column":30}},"type":"if","locations":[{"start":{"line":89,"column":16},"end":{"line":92,"column":30}},{"start":{"line":92,"column":20},"end":{"line":92,"column":30}}],"line":89}},"s":{"0":1,"1":1,"2":1,"3":1,"4":1,"5":1,"6":1,"7":1,"8":0,"9":1,"10":1,"11":1,"12":1,"13":1,"14":1,"15":0,"16":1,"17":1,"18":0,"19":0,"20":0,"21":0,"22":0,"23":0,"24":1,"25":0,"26":0,"27":0,"28":0,"29":0,"30":0,"31":0,"32":1,"33":3,"34":3,"35":3,"36":3,"37":0,"38":3,"39":0,"40":3,"41":1,"42":3,"43":3,"44":3,"45":3,"46":0,"47":3,"48":1,"49":0,"50":0,"51":0,"52":0,"53":0,"54":0,"55":1},"f":{"0":1,"1":1,"2":1,"3":1,"4":1,"5":0,"6":0,"7":0,"8":0,"9":0,"10":0,"11":3,"12":3,"13":3,"14":3,"15":3,"16":3,"17":0,"18":0,"19":0},"b":{"0":[0,1],"1":[0,1],"2":[0,0],"3":[0,0],"4":[0,3],"5":[0,3],"6":[0,3],"7":[0,0]},"_coverageSchema":"1a1c01bbd47fc00a2c39e90264f33305004495a9","hash":"1aaec2d31513ddfc30fe290b26c4389043fb0cdb"}
}
