TN:
SF:dao\TicketDAO.js
FN:14,(anonymous_0)
FN:15,(anonymous_1)
FN:21,(anonymous_2)
FN:22,(anonymous_3)
FN:24,(anonymous_4)
FN:34,(anonymous_5)
FN:35,(anonymous_6)
FN:37,(anonymous_7)
FN:46,(anonymous_8)
FN:47,(anonymous_9)
FN:50,(anonymous_10)
FN:59,(anonymous_11)
FN:60,(anonymous_12)
FN:62,(anonymous_13)
FN:73,(anonymous_14)
FN:74,(anonymous_15)
FN:76,(anonymous_16)
FN:85,(anonymous_17)
FN:86,(anonymous_18)
FN:88,(anonymous_19)
FNF:20
FNH:11
FNDA:1,(anonymous_0)
FNDA:1,(anonymous_1)
FNDA:1,(anonymous_2)
FNDA:1,(anonymous_3)
FNDA:1,(anonymous_4)
FNDA:0,(anonymous_5)
FNDA:0,(anonymous_6)
FNDA:0,(anonymous_7)
FNDA:0,(anonymous_8)
FNDA:0,(anonymous_9)
FNDA:0,(anonymous_10)
FNDA:3,(anonymous_11)
FNDA:3,(anonymous_12)
FNDA:3,(anonymous_13)
FNDA:3,(anonymous_14)
FNDA:3,(anonymous_15)
FNDA:3,(anonymous_16)
FNDA:0,(anonymous_17)
FNDA:0,(anonymous_18)
FNDA:0,(anonymous_19)
DA:3,1
DA:4,1
DA:6,1
DA:7,1
DA:9,1
DA:10,1
DA:15,1
DA:16,1
DA:18,1
DA:21,1
DA:22,1
DA:23,1
DA:24,1
DA:25,1
DA:26,0
DA:28,1
DA:34,1
DA:35,0
DA:36,0
DA:37,0
DA:38,0
DA:39,0
DA:41,0
DA:46,1
DA:47,0
DA:48,0
DA:49,0
DA:50,0
DA:51,0
DA:52,0
DA:54,0
DA:59,1
DA:60,3
DA:61,3
DA:62,3
DA:63,3
DA:64,0
DA:65,3
DA:66,0
DA:68,3
DA:73,1
DA:74,3
DA:75,3
DA:76,3
DA:77,3
DA:78,0
DA:80,3
DA:85,1
DA:86,0
DA:87,0
DA:88,0
DA:89,0
DA:90,0
DA:92,0
DA:99,1
LF:55
LH:32
BRDA:16,0,0,0
BRDA:16,0,1,1
BRDA:25,1,0,0
BRDA:25,1,1,1
BRDA:38,2,0,0
BRDA:38,2,1,0
BRDA:51,3,0,0
BRDA:51,3,1,0
BRDA:63,4,0,0
BRDA:63,4,1,3
BRDA:65,5,0,0
BRDA:65,5,1,3
BRDA:77,6,0,0
BRDA:77,6,1,3
BRDA:89,7,0,0
BRDA:89,7,1,0
BRF:16
BRH:5
end_of_record
